Determining if the pthread_create exist failed with the following output:
Change Dir: /home/mithun/okviz/build/ceres/src/ceres_external-build/CMakeFiles/CMakeTmp

Run Build Command:"/usr/bin/make" "cmTryCompileExec1899958360/fast"
make[3]: Entering directory `/home/mithun/okviz/build/ceres/src/ceres_external-build/CMakeFiles/CMakeTmp'
/usr/bin/make -f CMakeFiles/cmTryCompileExec1899958360.dir/build.make CMakeFiles/cmTryCompileExec1899958360.dir/build
make[4]: Entering directory `/home/mithun/okviz/build/ceres/src/ceres_external-build/CMakeFiles/CMakeTmp'
/usr/bin/cmake -E cmake_progress_report /home/mithun/okviz/build/ceres/src/ceres_external-build/CMakeFiles/CMakeTmp/CMakeFiles 1
Building C object CMakeFiles/cmTryCompileExec1899958360.dir/CheckSymbolExists.c.o
/usr/bin/cc    -o CMakeFiles/cmTryCompileExec1899958360.dir/CheckSymbolExists.c.o   -c /home/mithun/okviz/build/ceres/src/ceres_external-build/CMakeFiles/CMakeTmp/CheckSymbolExists.c
Linking C executable cmTryCompileExec1899958360
/usr/bin/cmake -E cmake_link_script CMakeFiles/cmTryCompileExec1899958360.dir/link.txt --verbose=1
/usr/bin/cc       CMakeFiles/cmTryCompileExec1899958360.dir/CheckSymbolExists.c.o  -o cmTryCompileExec1899958360 -rdynamic 
CMakeFiles/cmTryCompileExec1899958360.dir/CheckSymbolExists.c.o: In function `main':
CheckSymbolExists.c:(.text+0x16): undefined reference to `pthread_create'
collect2: error: ld returned 1 exit status
make[4]: *** [cmTryCompileExec1899958360] Error 1
make[4]: Leaving directory `/home/mithun/okviz/build/ceres/src/ceres_external-build/CMakeFiles/CMakeTmp'
make[3]: *** [cmTryCompileExec1899958360/fast] Error 2
make[3]: Leaving directory `/home/mithun/okviz/build/ceres/src/ceres_external-build/CMakeFiles/CMakeTmp'

File /home/mithun/okviz/build/ceres/src/ceres_external-build/CMakeFiles/CMakeTmp/CheckSymbolExists.c:
/* */
#include <pthread.h>

int main(int argc, char** argv)
{
  (void)argv;
#ifndef pthread_create
  return ((int*)(&pthread_create))[argc];
#else
  (void)argc;
  return 0;
#endif
}

Determining if the function pthread_create exists in the pthreads failed with the following output:
Change Dir: /home/mithun/okviz/build/ceres/src/ceres_external-build/CMakeFiles/CMakeTmp

Run Build Command:"/usr/bin/make" "cmTryCompileExec2705165697/fast"
make[3]: Entering directory `/home/mithun/okviz/build/ceres/src/ceres_external-build/CMakeFiles/CMakeTmp'
/usr/bin/make -f CMakeFiles/cmTryCompileExec2705165697.dir/build.make CMakeFiles/cmTryCompileExec2705165697.dir/build
make[4]: Entering directory `/home/mithun/okviz/build/ceres/src/ceres_external-build/CMakeFiles/CMakeTmp'
/usr/bin/cmake -E cmake_progress_report /home/mithun/okviz/build/ceres/src/ceres_external-build/CMakeFiles/CMakeTmp/CMakeFiles 1
Building C object CMakeFiles/cmTryCompileExec2705165697.dir/CheckFunctionExists.c.o
/usr/bin/cc   -DCHECK_FUNCTION_EXISTS=pthread_create   -o CMakeFiles/cmTryCompileExec2705165697.dir/CheckFunctionExists.c.o   -c /usr/share/cmake-3.2/Modules/CheckFunctionExists.c
Linking C executable cmTryCompileExec2705165697
/usr/bin/cmake -E cmake_link_script CMakeFiles/cmTryCompileExec2705165697.dir/link.txt --verbose=1
/usr/bin/cc   -DCHECK_FUNCTION_EXISTS=pthread_create    CMakeFiles/cmTryCompileExec2705165697.dir/CheckFunctionExists.c.o  -o cmTryCompileExec2705165697 -rdynamic -lpthreads 
/usr/bin/ld: cannot find -lpthreads
collect2: error: ld returned 1 exit status
make[4]: Leaving directory `/home/mithun/okviz/build/ceres/src/ceres_external-build/CMakeFiles/CMakeTmp'
make[4]: *** [cmTryCompileExec2705165697] Error 1
make[3]: *** [cmTryCompileExec2705165697/fast] Error 2
make[3]: Leaving directory `/home/mithun/okviz/build/ceres/src/ceres_external-build/CMakeFiles/CMakeTmp'


