The system is: Linux - 4.11.0-041100rc2-lowlatency - x86_64
Compiling the C compiler identification source file "CMakeCCompilerId.c" succeeded.
Compiler: /usr/bin/cc 
Build flags: 
Id flags: 

The output was:
0


Compilation of the C compiler identification source "CMakeCCompilerId.c" produced "a.out"

The C compiler identification is GNU, found in "/home/mithun/okviz/build/ceres/src/ceres_external-build/CMakeFiles/3.2.2/CompilerIdC/a.out"

Compiling the CXX compiler identification source file "CMakeCXXCompilerId.cpp" succeeded.
Compiler: /usr/bin/c++ 
Build flags: ;-march=native;-Wall;-std=c++11;-fPIC;-mssse3
Id flags: 

The output was:
0


Compilation of the CXX compiler identification source "CMakeCXXCompilerId.cpp" produced "a.out"

The CXX compiler identification is GNU, found in "/home/mithun/okviz/build/ceres/src/ceres_external-build/CMakeFiles/3.2.2/CompilerIdCXX/a.out"

Determining if the C compiler works passed with the following output:
Change Dir: /home/mithun/okviz/build/ceres/src/ceres_external-build/CMakeFiles/CMakeTmp

Run Build Command:"/usr/bin/make" "cmTryCompileExec2076983329/fast"
make[3]: Entering directory `/home/mithun/okviz/build/ceres/src/ceres_external-build/CMakeFiles/CMakeTmp'
/usr/bin/make -f CMakeFiles/cmTryCompileExec2076983329.dir/build.make CMakeFiles/cmTryCompileExec2076983329.dir/build
make[4]: Entering directory `/home/mithun/okviz/build/ceres/src/ceres_external-build/CMakeFiles/CMakeTmp'
/usr/bin/cmake -E cmake_progress_report /home/mithun/okviz/build/ceres/src/ceres_external-build/CMakeFiles/CMakeTmp/CMakeFiles 1
Building C object CMakeFiles/cmTryCompileExec2076983329.dir/testCCompiler.c.o
/usr/bin/cc    -o CMakeFiles/cmTryCompileExec2076983329.dir/testCCompiler.c.o   -c /home/mithun/okviz/build/ceres/src/ceres_external-build/CMakeFiles/CMakeTmp/testCCompiler.c
Linking C executable cmTryCompileExec2076983329
/usr/bin/cmake -E cmake_link_script CMakeFiles/cmTryCompileExec2076983329.dir/link.txt --verbose=1
/usr/bin/cc       CMakeFiles/cmTryCompileExec2076983329.dir/testCCompiler.c.o  -o cmTryCompileExec2076983329 -rdynamic 
make[4]: Leaving directory `/home/mithun/okviz/build/ceres/src/ceres_external-build/CMakeFiles/CMakeTmp'
make[3]: Leaving directory `/home/mithun/okviz/build/ceres/src/ceres_external-build/CMakeFiles/CMakeTmp'


Detecting C compiler ABI info compiled with the following output:
Change Dir: /home/mithun/okviz/build/ceres/src/ceres_external-build/CMakeFiles/CMakeTmp

Run Build Command:"/usr/bin/make" "cmTryCompileExec2812109178/fast"
make[3]: Entering directory `/home/mithun/okviz/build/ceres/src/ceres_external-build/CMakeFiles/CMakeTmp'
/usr/bin/make -f CMakeFiles/cmTryCompileExec2812109178.dir/build.make CMakeFiles/cmTryCompileExec2812109178.dir/build
make[4]: Entering directory `/home/mithun/okviz/build/ceres/src/ceres_external-build/CMakeFiles/CMakeTmp'
/usr/bin/cmake -E cmake_progress_report /home/mithun/okviz/build/ceres/src/ceres_external-build/CMakeFiles/CMakeTmp/CMakeFiles 1
Building C object CMakeFiles/cmTryCompileExec2812109178.dir/CMakeCCompilerABI.c.o
/usr/bin/cc    -o CMakeFiles/cmTryCompileExec2812109178.dir/CMakeCCompilerABI.c.o   -c /usr/share/cmake-3.2/Modules/CMakeCCompilerABI.c
Linking C executable cmTryCompileExec2812109178
/usr/bin/cmake -E cmake_link_script CMakeFiles/cmTryCompileExec2812109178.dir/link.txt --verbose=1
/usr/bin/cc      -v CMakeFiles/cmTryCompileExec2812109178.dir/CMakeCCompilerABI.c.o  -o cmTryCompileExec2812109178 -rdynamic  
Using built-in specs.
COLLECT_GCC=/usr/bin/cc
COLLECT_LTO_WRAPPER=/usr/lib/gcc/x86_64-linux-gnu/4.8/lto-wrapper
Target: x86_64-linux-gnu
Configured with: ../src/configure -v --with-pkgversion='Ubuntu 4.8.4-2ubuntu1~14.04.3' --with-bugurl=file:///usr/share/doc/gcc-4.8/README.Bugs --enable-languages=c,c++,java,go,d,fortran,objc,obj-c++ --prefix=/usr --program-suffix=-4.8 --enable-shared --enable-linker-build-id --libexecdir=/usr/lib --without-included-gettext --enable-threads=posix --with-gxx-include-dir=/usr/include/c++/4.8 --libdir=/usr/lib --enable-nls --with-sysroot=/ --enable-clocale=gnu --enable-libstdcxx-debug --enable-libstdcxx-time=yes --enable-gnu-unique-object --disable-libmudflap --enable-plugin --with-system-zlib --disable-browser-plugin --enable-java-awt=gtk --enable-gtk-cairo --with-java-home=/usr/lib/jvm/java-1.5.0-gcj-4.8-amd64/jre --enable-java-home --with-jvm-root-dir=/usr/lib/jvm/java-1.5.0-gcj-4.8-amd64 --with-jvm-jar-dir=/usr/lib/jvm-exports/java-1.5.0-gcj-4.8-amd64 --with-arch-directory=amd64 --with-ecj-jar=/usr/share/java/eclipse-ecj.jar --enable-objc-gc --enable-multiarch --disable-werror --with-arch-32=i686 --with-abi=m64 --with-multilib-list=m32,m64,mx32 --with-tune=generic --enable-checking=release --build=x86_64-linux-gnu --host=x86_64-linux-gnu --target=x86_64-linux-gnu
Thread model: posix
gcc version 4.8.4 (Ubuntu 4.8.4-2ubuntu1~14.04.3) 
COMPILER_PATH=/usr/lib/gcc/x86_64-linux-gnu/4.8/:/usr/lib/gcc/x86_64-linux-gnu/4.8/:/usr/lib/gcc/x86_64-linux-gnu/:/usr/lib/gcc/x86_64-linux-gnu/4.8/:/usr/lib/gcc/x86_64-linux-gnu/
LIBRARY_PATH=/usr/lib/gcc/x86_64-linux-gnu/4.8/:/usr/lib/gcc/x86_64-linux-gnu/4.8/../../../x86_64-linux-gnu/:/usr/lib/gcc/x86_64-linux-gnu/4.8/../../../../lib/:/lib/x86_64-linux-gnu/:/lib/../lib/:/usr/lib/x86_64-linux-gnu/:/usr/lib/../lib/:/usr/lib/gcc/x86_64-linux-gnu/4.8/../../../:/lib/:/usr/lib/
COLLECT_GCC_OPTIONS='-v' '-o' 'cmTryCompileExec2812109178' '-rdynamic' '-mtune=generic' '-march=x86-64'
 /usr/lib/gcc/x86_64-linux-gnu/4.8/collect2 --sysroot=/ --build-id --eh-frame-hdr -m elf_x86_64 --hash-style=gnu --as-needed -export-dynamic -dynamic-linker /lib64/ld-linux-x86-64.so.2 -z relro -o cmTryCompileExec2812109178 /usr/lib/gcc/x86_64-linux-gnu/4.8/../../../x86_64-linux-gnu/crt1.o /usr/lib/gcc/x86_64-linux-gnu/4.8/../../../x86_64-linux-gnu/crti.o /usr/lib/gcc/x86_64-linux-gnu/4.8/crtbegin.o -L/usr/lib/gcc/x86_64-linux-gnu/4.8 -L/usr/lib/gcc/x86_64-linux-gnu/4.8/../../../x86_64-linux-gnu -L/usr/lib/gcc/x86_64-linux-gnu/4.8/../../../../lib -L/lib/x86_64-linux-gnu -L/lib/../lib -L/usr/lib/x86_64-linux-gnu -L/usr/lib/../lib -L/usr/lib/gcc/x86_64-linux-gnu/4.8/../../.. CMakeFiles/cmTryCompileExec2812109178.dir/CMakeCCompilerABI.c.o -lgcc --as-needed -lgcc_s --no-as-needed -lc -lgcc --as-needed -lgcc_s --no-as-needed /usr/lib/gcc/x86_64-linux-gnu/4.8/crtend.o /usr/lib/gcc/x86_64-linux-gnu/4.8/../../../x86_64-linux-gnu/crtn.o
make[4]: Leaving directory `/home/mithun/okviz/build/ceres/src/ceres_external-build/CMakeFiles/CMakeTmp'
make[3]: Leaving directory `/home/mithun/okviz/build/ceres/src/ceres_external-build/CMakeFiles/CMakeTmp'


Parsed C implicit link information from above output:
  link line regex: [^( *|.*[/\])(ld|([^/\]+-)?ld|collect2)[^/\]*( |$)]
  ignore line: [Change Dir: /home/mithun/okviz/build/ceres/src/ceres_external-build/CMakeFiles/CMakeTmp]
  ignore line: []
  ignore line: [Run Build Command:"/usr/bin/make" "cmTryCompileExec2812109178/fast"]
  ignore line: [make[3]: Entering directory `/home/mithun/okviz/build/ceres/src/ceres_external-build/CMakeFiles/CMakeTmp']
  ignore line: [/usr/bin/make -f CMakeFiles/cmTryCompileExec2812109178.dir/build.make CMakeFiles/cmTryCompileExec2812109178.dir/build]
  ignore line: [make[4]: Entering directory `/home/mithun/okviz/build/ceres/src/ceres_external-build/CMakeFiles/CMakeTmp']
  ignore line: [/usr/bin/cmake -E cmake_progress_report /home/mithun/okviz/build/ceres/src/ceres_external-build/CMakeFiles/CMakeTmp/CMakeFiles 1]
  ignore line: [Building C object CMakeFiles/cmTryCompileExec2812109178.dir/CMakeCCompilerABI.c.o]
  ignore line: [/usr/bin/cc    -o CMakeFiles/cmTryCompileExec2812109178.dir/CMakeCCompilerABI.c.o   -c /usr/share/cmake-3.2/Modules/CMakeCCompilerABI.c]
  ignore line: [Linking C executable cmTryCompileExec2812109178]
  ignore line: [/usr/bin/cmake -E cmake_link_script CMakeFiles/cmTryCompileExec2812109178.dir/link.txt --verbose=1]
  ignore line: [/usr/bin/cc      -v CMakeFiles/cmTryCompileExec2812109178.dir/CMakeCCompilerABI.c.o  -o cmTryCompileExec2812109178 -rdynamic  ]
  ignore line: [Using built-in specs.]
  ignore line: [COLLECT_GCC=/usr/bin/cc]
  ignore line: [COLLECT_LTO_WRAPPER=/usr/lib/gcc/x86_64-linux-gnu/4.8/lto-wrapper]
  ignore line: [Target: x86_64-linux-gnu]
  ignore line: [Configured with: ../src/configure -v --with-pkgversion='Ubuntu 4.8.4-2ubuntu1~14.04.3' --with-bugurl=file:///usr/share/doc/gcc-4.8/README.Bugs --enable-languages=c,c++,java,go,d,fortran,objc,obj-c++ --prefix=/usr --program-suffix=-4.8 --enable-shared --enable-linker-build-id --libexecdir=/usr/lib --without-included-gettext --enable-threads=posix --with-gxx-include-dir=/usr/include/c++/4.8 --libdir=/usr/lib --enable-nls --with-sysroot=/ --enable-clocale=gnu --enable-libstdcxx-debug --enable-libstdcxx-time=yes --enable-gnu-unique-object --disable-libmudflap --enable-plugin --with-system-zlib --disable-browser-plugin --enable-java-awt=gtk --enable-gtk-cairo --with-java-home=/usr/lib/jvm/java-1.5.0-gcj-4.8-amd64/jre --enable-java-home --with-jvm-root-dir=/usr/lib/jvm/java-1.5.0-gcj-4.8-amd64 --with-jvm-jar-dir=/usr/lib/jvm-exports/java-1.5.0-gcj-4.8-amd64 --with-arch-directory=amd64 --with-ecj-jar=/usr/share/java/eclipse-ecj.jar --enable-objc-gc --enable-multiarch --disable-werror --with-arch-32=i686 --with-abi=m64 --with-multilib-list=m32,m64,mx32 --with-tune=generic --enable-checking=release --build=x86_64-linux-gnu --host=x86_64-linux-gnu --target=x86_64-linux-gnu]
  ignore line: [Thread model: posix]
  ignore line: [gcc version 4.8.4 (Ubuntu 4.8.4-2ubuntu1~14.04.3) ]
  ignore line: [COMPILER_PATH=/usr/lib/gcc/x86_64-linux-gnu/4.8/:/usr/lib/gcc/x86_64-linux-gnu/4.8/:/usr/lib/gcc/x86_64-linux-gnu/:/usr/lib/gcc/x86_64-linux-gnu/4.8/:/usr/lib/gcc/x86_64-linux-gnu/]
  ignore line: [LIBRARY_PATH=/usr/lib/gcc/x86_64-linux-gnu/4.8/:/usr/lib/gcc/x86_64-linux-gnu/4.8/../../../x86_64-linux-gnu/:/usr/lib/gcc/x86_64-linux-gnu/4.8/../../../../lib/:/lib/x86_64-linux-gnu/:/lib/../lib/:/usr/lib/x86_64-linux-gnu/:/usr/lib/../lib/:/usr/lib/gcc/x86_64-linux-gnu/4.8/../../../:/lib/:/usr/lib/]
  ignore line: [COLLECT_GCC_OPTIONS='-v' '-o' 'cmTryCompileExec2812109178' '-rdynamic' '-mtune=generic' '-march=x86-64']
  link line: [ /usr/lib/gcc/x86_64-linux-gnu/4.8/collect2 --sysroot=/ --build-id --eh-frame-hdr -m elf_x86_64 --hash-style=gnu --as-needed -export-dynamic -dynamic-linker /lib64/ld-linux-x86-64.so.2 -z relro -o cmTryCompileExec2812109178 /usr/lib/gcc/x86_64-linux-gnu/4.8/../../../x86_64-linux-gnu/crt1.o /usr/lib/gcc/x86_64-linux-gnu/4.8/../../../x86_64-linux-gnu/crti.o /usr/lib/gcc/x86_64-linux-gnu/4.8/crtbegin.o -L/usr/lib/gcc/x86_64-linux-gnu/4.8 -L/usr/lib/gcc/x86_64-linux-gnu/4.8/../../../x86_64-linux-gnu -L/usr/lib/gcc/x86_64-linux-gnu/4.8/../../../../lib -L/lib/x86_64-linux-gnu -L/lib/../lib -L/usr/lib/x86_64-linux-gnu -L/usr/lib/../lib -L/usr/lib/gcc/x86_64-linux-gnu/4.8/../../.. CMakeFiles/cmTryCompileExec2812109178.dir/CMakeCCompilerABI.c.o -lgcc --as-needed -lgcc_s --no-as-needed -lc -lgcc --as-needed -lgcc_s --no-as-needed /usr/lib/gcc/x86_64-linux-gnu/4.8/crtend.o /usr/lib/gcc/x86_64-linux-gnu/4.8/../../../x86_64-linux-gnu/crtn.o]
    arg [/usr/lib/gcc/x86_64-linux-gnu/4.8/collect2] ==> ignore
    arg [--sysroot=/] ==> ignore
    arg [--build-id] ==> ignore
    arg [--eh-frame-hdr] ==> ignore
    arg [-m] ==> ignore
    arg [elf_x86_64] ==> ignore
    arg [--hash-style=gnu] ==> ignore
    arg [--as-needed] ==> ignore
    arg [-export-dynamic] ==> ignore
    arg [-dynamic-linker] ==> ignore
    arg [/lib64/ld-linux-x86-64.so.2] ==> ignore
    arg [-zrelro] ==> ignore
    arg [-o] ==> ignore
    arg [cmTryCompileExec2812109178] ==> ignore
    arg [/usr/lib/gcc/x86_64-linux-gnu/4.8/../../../x86_64-linux-gnu/crt1.o] ==> ignore
    arg [/usr/lib/gcc/x86_64-linux-gnu/4.8/../../../x86_64-linux-gnu/crti.o] ==> ignore
    arg [/usr/lib/gcc/x86_64-linux-gnu/4.8/crtbegin.o] ==> ignore
    arg [-L/usr/lib/gcc/x86_64-linux-gnu/4.8] ==> dir [/usr/lib/gcc/x86_64-linux-gnu/4.8]
    arg [-L/usr/lib/gcc/x86_64-linux-gnu/4.8/../../../x86_64-linux-gnu] ==> dir [/usr/lib/gcc/x86_64-linux-gnu/4.8/../../../x86_64-linux-gnu]
    arg [-L/usr/lib/gcc/x86_64-linux-gnu/4.8/../../../../lib] ==> dir [/usr/lib/gcc/x86_64-linux-gnu/4.8/../../../../lib]
    arg [-L/lib/x86_64-linux-gnu] ==> dir [/lib/x86_64-linux-gnu]
    arg [-L/lib/../lib] ==> dir [/lib/../lib]
    arg [-L/usr/lib/x86_64-linux-gnu] ==> dir [/usr/lib/x86_64-linux-gnu]
    arg [-L/usr/lib/../lib] ==> dir [/usr/lib/../lib]
    arg [-L/usr/lib/gcc/x86_64-linux-gnu/4.8/../../..] ==> dir [/usr/lib/gcc/x86_64-linux-gnu/4.8/../../..]
    arg [CMakeFiles/cmTryCompileExec2812109178.dir/CMakeCCompilerABI.c.o] ==> ignore
    arg [-lgcc] ==> lib [gcc]
    arg [--as-needed] ==> ignore
    arg [-lgcc_s] ==> lib [gcc_s]
    arg [--no-as-needed] ==> ignore
    arg [-lc] ==> lib [c]
    arg [-lgcc] ==> lib [gcc]
    arg [--as-needed] ==> ignore
    arg [-lgcc_s] ==> lib [gcc_s]
    arg [--no-as-needed] ==> ignore
    arg [/usr/lib/gcc/x86_64-linux-gnu/4.8/crtend.o] ==> ignore
    arg [/usr/lib/gcc/x86_64-linux-gnu/4.8/../../../x86_64-linux-gnu/crtn.o] ==> ignore
  remove lib [gcc]
  remove lib [gcc_s]
  remove lib [gcc]
  remove lib [gcc_s]
  collapse library dir [/usr/lib/gcc/x86_64-linux-gnu/4.8] ==> [/usr/lib/gcc/x86_64-linux-gnu/4.8]
  collapse library dir [/usr/lib/gcc/x86_64-linux-gnu/4.8/../../../x86_64-linux-gnu] ==> [/usr/lib/x86_64-linux-gnu]
  collapse library dir [/usr/lib/gcc/x86_64-linux-gnu/4.8/../../../../lib] ==> [/usr/lib]
  collapse library dir [/lib/x86_64-linux-gnu] ==> [/lib/x86_64-linux-gnu]
  collapse library dir [/lib/../lib] ==> [/lib]
  collapse library dir [/usr/lib/x86_64-linux-gnu] ==> [/usr/lib/x86_64-linux-gnu]
  collapse library dir [/usr/lib/../lib] ==> [/usr/lib]
  collapse library dir [/usr/lib/gcc/x86_64-linux-gnu/4.8/../../..] ==> [/usr/lib]
  implicit libs: [c]
  implicit dirs: [/usr/lib/gcc/x86_64-linux-gnu/4.8;/usr/lib/x86_64-linux-gnu;/usr/lib;/lib/x86_64-linux-gnu;/lib]
  implicit fwks: []




Detecting C [-std=c11] compiler features compiled with the following output:
Change Dir: /home/mithun/okviz/build/ceres/src/ceres_external-build/CMakeFiles/CMakeTmp

Run Build Command:"/usr/bin/make" "cmTryCompileExec3979527256/fast"
make[3]: Entering directory `/home/mithun/okviz/build/ceres/src/ceres_external-build/CMakeFiles/CMakeTmp'
/usr/bin/make -f CMakeFiles/cmTryCompileExec3979527256.dir/build.make CMakeFiles/cmTryCompileExec3979527256.dir/build
make[4]: Entering directory `/home/mithun/okviz/build/ceres/src/ceres_external-build/CMakeFiles/CMakeTmp'
/usr/bin/cmake -E cmake_progress_report /home/mithun/okviz/build/ceres/src/ceres_external-build/CMakeFiles/CMakeTmp/CMakeFiles 1
Building C object CMakeFiles/cmTryCompileExec3979527256.dir/feature_tests.c.o
/usr/bin/cc   -std=c11 -o CMakeFiles/cmTryCompileExec3979527256.dir/feature_tests.c.o   -c /home/mithun/okviz/build/ceres/src/ceres_external-build/CMakeFiles/feature_tests.c
Linking C executable cmTryCompileExec3979527256
/usr/bin/cmake -E cmake_link_script CMakeFiles/cmTryCompileExec3979527256.dir/link.txt --verbose=1
/usr/bin/cc       CMakeFiles/cmTryCompileExec3979527256.dir/feature_tests.c.o  -o cmTryCompileExec3979527256 -rdynamic 
make[4]: Leaving directory `/home/mithun/okviz/build/ceres/src/ceres_external-build/CMakeFiles/CMakeTmp'
make[3]: Leaving directory `/home/mithun/okviz/build/ceres/src/ceres_external-build/CMakeFiles/CMakeTmp'


    Feature record: C_FEATURE:1c_function_prototypes
    Feature record: C_FEATURE:1c_restrict
    Feature record: C_FEATURE:1c_static_assert
    Feature record: C_FEATURE:1c_variadic_macros


Detecting C [-std=c99] compiler features compiled with the following output:
Change Dir: /home/mithun/okviz/build/ceres/src/ceres_external-build/CMakeFiles/CMakeTmp

Run Build Command:"/usr/bin/make" "cmTryCompileExec305319750/fast"
make[3]: Entering directory `/home/mithun/okviz/build/ceres/src/ceres_external-build/CMakeFiles/CMakeTmp'
/usr/bin/make -f CMakeFiles/cmTryCompileExec305319750.dir/build.make CMakeFiles/cmTryCompileExec305319750.dir/build
make[4]: Entering directory `/home/mithun/okviz/build/ceres/src/ceres_external-build/CMakeFiles/CMakeTmp'
/usr/bin/cmake -E cmake_progress_report /home/mithun/okviz/build/ceres/src/ceres_external-build/CMakeFiles/CMakeTmp/CMakeFiles 1
Building C object CMakeFiles/cmTryCompileExec305319750.dir/feature_tests.c.o
/usr/bin/cc   -std=c99 -o CMakeFiles/cmTryCompileExec305319750.dir/feature_tests.c.o   -c /home/mithun/okviz/build/ceres/src/ceres_external-build/CMakeFiles/feature_tests.c
Linking C executable cmTryCompileExec305319750
/usr/bin/cmake -E cmake_link_script CMakeFiles/cmTryCompileExec305319750.dir/link.txt --verbose=1
/usr/bin/cc       CMakeFiles/cmTryCompileExec305319750.dir/feature_tests.c.o  -o cmTryCompileExec305319750 -rdynamic 
make[4]: Leaving directory `/home/mithun/okviz/build/ceres/src/ceres_external-build/CMakeFiles/CMakeTmp'
make[3]: Leaving directory `/home/mithun/okviz/build/ceres/src/ceres_external-build/CMakeFiles/CMakeTmp'


    Feature record: C_FEATURE:1c_function_prototypes
    Feature record: C_FEATURE:1c_restrict
    Feature record: C_FEATURE:0c_static_assert
    Feature record: C_FEATURE:1c_variadic_macros


Detecting C [-std=c90] compiler features compiled with the following output:
Change Dir: /home/mithun/okviz/build/ceres/src/ceres_external-build/CMakeFiles/CMakeTmp

Run Build Command:"/usr/bin/make" "cmTryCompileExec2204959481/fast"
make[3]: Entering directory `/home/mithun/okviz/build/ceres/src/ceres_external-build/CMakeFiles/CMakeTmp'
/usr/bin/make -f CMakeFiles/cmTryCompileExec2204959481.dir/build.make CMakeFiles/cmTryCompileExec2204959481.dir/build
make[4]: Entering directory `/home/mithun/okviz/build/ceres/src/ceres_external-build/CMakeFiles/CMakeTmp'
/usr/bin/cmake -E cmake_progress_report /home/mithun/okviz/build/ceres/src/ceres_external-build/CMakeFiles/CMakeTmp/CMakeFiles 1
Building C object CMakeFiles/cmTryCompileExec2204959481.dir/feature_tests.c.o
/usr/bin/cc   -std=c90 -o CMakeFiles/cmTryCompileExec2204959481.dir/feature_tests.c.o   -c /home/mithun/okviz/build/ceres/src/ceres_external-build/CMakeFiles/feature_tests.c
Linking C executable cmTryCompileExec2204959481
/usr/bin/cmake -E cmake_link_script CMakeFiles/cmTryCompileExec2204959481.dir/link.txt --verbose=1
/usr/bin/cc       CMakeFiles/cmTryCompileExec2204959481.dir/feature_tests.c.o  -o cmTryCompileExec2204959481 -rdynamic 
make[4]: Leaving directory `/home/mithun/okviz/build/ceres/src/ceres_external-build/CMakeFiles/CMakeTmp'
make[3]: Leaving directory `/home/mithun/okviz/build/ceres/src/ceres_external-build/CMakeFiles/CMakeTmp'


    Feature record: C_FEATURE:1c_function_prototypes
    Feature record: C_FEATURE:0c_restrict
    Feature record: C_FEATURE:0c_static_assert
    Feature record: C_FEATURE:0c_variadic_macros
Determining if the CXX compiler works passed with the following output:
Change Dir: /home/mithun/okviz/build/ceres/src/ceres_external-build/CMakeFiles/CMakeTmp

Run Build Command:"/usr/bin/make" "cmTryCompileExec2468554309/fast"
make[3]: Entering directory `/home/mithun/okviz/build/ceres/src/ceres_external-build/CMakeFiles/CMakeTmp'
/usr/bin/make -f CMakeFiles/cmTryCompileExec2468554309.dir/build.make CMakeFiles/cmTryCompileExec2468554309.dir/build
make[4]: Entering directory `/home/mithun/okviz/build/ceres/src/ceres_external-build/CMakeFiles/CMakeTmp'
/usr/bin/cmake -E cmake_progress_report /home/mithun/okviz/build/ceres/src/ceres_external-build/CMakeFiles/CMakeTmp/CMakeFiles 1
Building CXX object CMakeFiles/cmTryCompileExec2468554309.dir/testCXXCompiler.cxx.o
/usr/bin/c++    -march=native -Wall -std=c++11 -fPIC -mssse3    -o CMakeFiles/cmTryCompileExec2468554309.dir/testCXXCompiler.cxx.o -c /home/mithun/okviz/build/ceres/src/ceres_external-build/CMakeFiles/CMakeTmp/testCXXCompiler.cxx
Linking CXX executable cmTryCompileExec2468554309
/usr/bin/cmake -E cmake_link_script CMakeFiles/cmTryCompileExec2468554309.dir/link.txt --verbose=1
/usr/bin/c++    -march=native -Wall -std=c++11 -fPIC -mssse3     CMakeFiles/cmTryCompileExec2468554309.dir/testCXXCompiler.cxx.o  -o cmTryCompileExec2468554309 -rdynamic 
make[4]: Leaving directory `/home/mithun/okviz/build/ceres/src/ceres_external-build/CMakeFiles/CMakeTmp'
make[3]: Leaving directory `/home/mithun/okviz/build/ceres/src/ceres_external-build/CMakeFiles/CMakeTmp'


Detecting CXX compiler ABI info compiled with the following output:
Change Dir: /home/mithun/okviz/build/ceres/src/ceres_external-build/CMakeFiles/CMakeTmp

Run Build Command:"/usr/bin/make" "cmTryCompileExec767016108/fast"
make[3]: Entering directory `/home/mithun/okviz/build/ceres/src/ceres_external-build/CMakeFiles/CMakeTmp'
/usr/bin/make -f CMakeFiles/cmTryCompileExec767016108.dir/build.make CMakeFiles/cmTryCompileExec767016108.dir/build
make[4]: Entering directory `/home/mithun/okviz/build/ceres/src/ceres_external-build/CMakeFiles/CMakeTmp'
/usr/bin/cmake -E cmake_progress_report /home/mithun/okviz/build/ceres/src/ceres_external-build/CMakeFiles/CMakeTmp/CMakeFiles 1
Building CXX object CMakeFiles/cmTryCompileExec767016108.dir/CMakeCXXCompilerABI.cpp.o
/usr/bin/c++    -march=native -Wall -std=c++11 -fPIC -mssse3    -o CMakeFiles/cmTryCompileExec767016108.dir/CMakeCXXCompilerABI.cpp.o -c /usr/share/cmake-3.2/Modules/CMakeCXXCompilerABI.cpp
Linking CXX executable cmTryCompileExec767016108
/usr/bin/cmake -E cmake_link_script CMakeFiles/cmTryCompileExec767016108.dir/link.txt --verbose=1
/usr/bin/c++    -march=native -Wall -std=c++11 -fPIC -mssse3    -v CMakeFiles/cmTryCompileExec767016108.dir/CMakeCXXCompilerABI.cpp.o  -o cmTryCompileExec767016108 -rdynamic  
Using built-in specs.
COLLECT_GCC=/usr/bin/c++
COLLECT_LTO_WRAPPER=/usr/lib/gcc/x86_64-linux-gnu/4.8/lto-wrapper
Target: x86_64-linux-gnu
Configured with: ../src/configure -v --with-pkgversion='Ubuntu 4.8.4-2ubuntu1~14.04.3' --with-bugurl=file:///usr/share/doc/gcc-4.8/README.Bugs --enable-languages=c,c++,java,go,d,fortran,objc,obj-c++ --prefix=/usr --program-suffix=-4.8 --enable-shared --enable-linker-build-id --libexecdir=/usr/lib --without-included-gettext --enable-threads=posix --with-gxx-include-dir=/usr/include/c++/4.8 --libdir=/usr/lib --enable-nls --with-sysroot=/ --enable-clocale=gnu --enable-libstdcxx-debug --enable-libstdcxx-time=yes --enable-gnu-unique-object --disable-libmudflap --enable-plugin --with-system-zlib --disable-browser-plugin --enable-java-awt=gtk --enable-gtk-cairo --with-java-home=/usr/lib/jvm/java-1.5.0-gcj-4.8-amd64/jre --enable-java-home --with-jvm-root-dir=/usr/lib/jvm/java-1.5.0-gcj-4.8-amd64 --with-jvm-jar-dir=/usr/lib/jvm-exports/java-1.5.0-gcj-4.8-amd64 --with-arch-directory=amd64 --with-ecj-jar=/usr/share/java/eclipse-ecj.jar --enable-objc-gc --enable-multiarch --disable-werror --with-arch-32=i686 --with-abi=m64 --with-multilib-list=m32,m64,mx32 --with-tune=generic --enable-checking=release --build=x86_64-linux-gnu --host=x86_64-linux-gnu --target=x86_64-linux-gnu
Thread model: posix
gcc version 4.8.4 (Ubuntu 4.8.4-2ubuntu1~14.04.3) 
COMPILER_PATH=/usr/lib/gcc/x86_64-linux-gnu/4.8/:/usr/lib/gcc/x86_64-linux-gnu/4.8/:/usr/lib/gcc/x86_64-linux-gnu/:/usr/lib/gcc/x86_64-linux-gnu/4.8/:/usr/lib/gcc/x86_64-linux-gnu/
LIBRARY_PATH=/usr/lib/gcc/x86_64-linux-gnu/4.8/:/usr/lib/gcc/x86_64-linux-gnu/4.8/../../../x86_64-linux-gnu/:/usr/lib/gcc/x86_64-linux-gnu/4.8/../../../../lib/:/lib/x86_64-linux-gnu/:/lib/../lib/:/usr/lib/x86_64-linux-gnu/:/usr/lib/../lib/:/usr/lib/gcc/x86_64-linux-gnu/4.8/../../../:/lib/:/usr/lib/
COLLECT_GCC_OPTIONS='-march=native' '-Wall' '-std=c++11' '-fPIC' '-mssse3' '-v' '-o' 'cmTryCompileExec767016108' '-rdynamic' '-shared-libgcc'
 /usr/lib/gcc/x86_64-linux-gnu/4.8/collect2 --sysroot=/ --build-id --eh-frame-hdr -m elf_x86_64 --hash-style=gnu --as-needed -export-dynamic -dynamic-linker /lib64/ld-linux-x86-64.so.2 -z relro -o cmTryCompileExec767016108 /usr/lib/gcc/x86_64-linux-gnu/4.8/../../../x86_64-linux-gnu/crt1.o /usr/lib/gcc/x86_64-linux-gnu/4.8/../../../x86_64-linux-gnu/crti.o /usr/lib/gcc/x86_64-linux-gnu/4.8/crtbegin.o -L/usr/lib/gcc/x86_64-linux-gnu/4.8 -L/usr/lib/gcc/x86_64-linux-gnu/4.8/../../../x86_64-linux-gnu -L/usr/lib/gcc/x86_64-linux-gnu/4.8/../../../../lib -L/lib/x86_64-linux-gnu -L/lib/../lib -L/usr/lib/x86_64-linux-gnu -L/usr/lib/../lib -L/usr/lib/gcc/x86_64-linux-gnu/4.8/../../.. CMakeFiles/cmTryCompileExec767016108.dir/CMakeCXXCompilerABI.cpp.o -lstdc++ -lm -lgcc_s -lgcc -lc -lgcc_s -lgcc /usr/lib/gcc/x86_64-linux-gnu/4.8/crtend.o /usr/lib/gcc/x86_64-linux-gnu/4.8/../../../x86_64-linux-gnu/crtn.o
make[4]: Leaving directory `/home/mithun/okviz/build/ceres/src/ceres_external-build/CMakeFiles/CMakeTmp'
make[3]: Leaving directory `/home/mithun/okviz/build/ceres/src/ceres_external-build/CMakeFiles/CMakeTmp'


Parsed CXX implicit link information from above output:
  link line regex: [^( *|.*[/\])(ld|([^/\]+-)?ld|collect2)[^/\]*( |$)]
  ignore line: [Change Dir: /home/mithun/okviz/build/ceres/src/ceres_external-build/CMakeFiles/CMakeTmp]
  ignore line: []
  ignore line: [Run Build Command:"/usr/bin/make" "cmTryCompileExec767016108/fast"]
  ignore line: [make[3]: Entering directory `/home/mithun/okviz/build/ceres/src/ceres_external-build/CMakeFiles/CMakeTmp']
  ignore line: [/usr/bin/make -f CMakeFiles/cmTryCompileExec767016108.dir/build.make CMakeFiles/cmTryCompileExec767016108.dir/build]
  ignore line: [make[4]: Entering directory `/home/mithun/okviz/build/ceres/src/ceres_external-build/CMakeFiles/CMakeTmp']
  ignore line: [/usr/bin/cmake -E cmake_progress_report /home/mithun/okviz/build/ceres/src/ceres_external-build/CMakeFiles/CMakeTmp/CMakeFiles 1]
  ignore line: [Building CXX object CMakeFiles/cmTryCompileExec767016108.dir/CMakeCXXCompilerABI.cpp.o]
  ignore line: [/usr/bin/c++    -march=native -Wall -std=c++11 -fPIC -mssse3    -o CMakeFiles/cmTryCompileExec767016108.dir/CMakeCXXCompilerABI.cpp.o -c /usr/share/cmake-3.2/Modules/CMakeCXXCompilerABI.cpp]
  ignore line: [Linking CXX executable cmTryCompileExec767016108]
  ignore line: [/usr/bin/cmake -E cmake_link_script CMakeFiles/cmTryCompileExec767016108.dir/link.txt --verbose=1]
  ignore line: [/usr/bin/c++    -march=native -Wall -std=c++11 -fPIC -mssse3    -v CMakeFiles/cmTryCompileExec767016108.dir/CMakeCXXCompilerABI.cpp.o  -o cmTryCompileExec767016108 -rdynamic  ]
  ignore line: [Using built-in specs.]
  ignore line: [COLLECT_GCC=/usr/bin/c++]
  ignore line: [COLLECT_LTO_WRAPPER=/usr/lib/gcc/x86_64-linux-gnu/4.8/lto-wrapper]
  ignore line: [Target: x86_64-linux-gnu]
  ignore line: [Configured with: ../src/configure -v --with-pkgversion='Ubuntu 4.8.4-2ubuntu1~14.04.3' --with-bugurl=file:///usr/share/doc/gcc-4.8/README.Bugs --enable-languages=c,c++,java,go,d,fortran,objc,obj-c++ --prefix=/usr --program-suffix=-4.8 --enable-shared --enable-linker-build-id --libexecdir=/usr/lib --without-included-gettext --enable-threads=posix --with-gxx-include-dir=/usr/include/c++/4.8 --libdir=/usr/lib --enable-nls --with-sysroot=/ --enable-clocale=gnu --enable-libstdcxx-debug --enable-libstdcxx-time=yes --enable-gnu-unique-object --disable-libmudflap --enable-plugin --with-system-zlib --disable-browser-plugin --enable-java-awt=gtk --enable-gtk-cairo --with-java-home=/usr/lib/jvm/java-1.5.0-gcj-4.8-amd64/jre --enable-java-home --with-jvm-root-dir=/usr/lib/jvm/java-1.5.0-gcj-4.8-amd64 --with-jvm-jar-dir=/usr/lib/jvm-exports/java-1.5.0-gcj-4.8-amd64 --with-arch-directory=amd64 --with-ecj-jar=/usr/share/java/eclipse-ecj.jar --enable-objc-gc --enable-multiarch --disable-werror --with-arch-32=i686 --with-abi=m64 --with-multilib-list=m32,m64,mx32 --with-tune=generic --enable-checking=release --build=x86_64-linux-gnu --host=x86_64-linux-gnu --target=x86_64-linux-gnu]
  ignore line: [Thread model: posix]
  ignore line: [gcc version 4.8.4 (Ubuntu 4.8.4-2ubuntu1~14.04.3) ]
  ignore line: [COMPILER_PATH=/usr/lib/gcc/x86_64-linux-gnu/4.8/:/usr/lib/gcc/x86_64-linux-gnu/4.8/:/usr/lib/gcc/x86_64-linux-gnu/:/usr/lib/gcc/x86_64-linux-gnu/4.8/:/usr/lib/gcc/x86_64-linux-gnu/]
  ignore line: [LIBRARY_PATH=/usr/lib/gcc/x86_64-linux-gnu/4.8/:/usr/lib/gcc/x86_64-linux-gnu/4.8/../../../x86_64-linux-gnu/:/usr/lib/gcc/x86_64-linux-gnu/4.8/../../../../lib/:/lib/x86_64-linux-gnu/:/lib/../lib/:/usr/lib/x86_64-linux-gnu/:/usr/lib/../lib/:/usr/lib/gcc/x86_64-linux-gnu/4.8/../../../:/lib/:/usr/lib/]
  ignore line: [COLLECT_GCC_OPTIONS='-march=native' '-Wall' '-std=c++11' '-fPIC' '-mssse3' '-v' '-o' 'cmTryCompileExec767016108' '-rdynamic' '-shared-libgcc']
  link line: [ /usr/lib/gcc/x86_64-linux-gnu/4.8/collect2 --sysroot=/ --build-id --eh-frame-hdr -m elf_x86_64 --hash-style=gnu --as-needed -export-dynamic -dynamic-linker /lib64/ld-linux-x86-64.so.2 -z relro -o cmTryCompileExec767016108 /usr/lib/gcc/x86_64-linux-gnu/4.8/../../../x86_64-linux-gnu/crt1.o /usr/lib/gcc/x86_64-linux-gnu/4.8/../../../x86_64-linux-gnu/crti.o /usr/lib/gcc/x86_64-linux-gnu/4.8/crtbegin.o -L/usr/lib/gcc/x86_64-linux-gnu/4.8 -L/usr/lib/gcc/x86_64-linux-gnu/4.8/../../../x86_64-linux-gnu -L/usr/lib/gcc/x86_64-linux-gnu/4.8/../../../../lib -L/lib/x86_64-linux-gnu -L/lib/../lib -L/usr/lib/x86_64-linux-gnu -L/usr/lib/../lib -L/usr/lib/gcc/x86_64-linux-gnu/4.8/../../.. CMakeFiles/cmTryCompileExec767016108.dir/CMakeCXXCompilerABI.cpp.o -lstdc++ -lm -lgcc_s -lgcc -lc -lgcc_s -lgcc /usr/lib/gcc/x86_64-linux-gnu/4.8/crtend.o /usr/lib/gcc/x86_64-linux-gnu/4.8/../../../x86_64-linux-gnu/crtn.o]
    arg [/usr/lib/gcc/x86_64-linux-gnu/4.8/collect2] ==> ignore
    arg [--sysroot=/] ==> ignore
    arg [--build-id] ==> ignore
    arg [--eh-frame-hdr] ==> ignore
    arg [-m] ==> ignore
    arg [elf_x86_64] ==> ignore
    arg [--hash-style=gnu] ==> ignore
    arg [--as-needed] ==> ignore
    arg [-export-dynamic] ==> ignore
    arg [-dynamic-linker] ==> ignore
    arg [/lib64/ld-linux-x86-64.so.2] ==> ignore
    arg [-zrelro] ==> ignore
    arg [-o] ==> ignore
    arg [cmTryCompileExec767016108] ==> ignore
    arg [/usr/lib/gcc/x86_64-linux-gnu/4.8/../../../x86_64-linux-gnu/crt1.o] ==> ignore
    arg [/usr/lib/gcc/x86_64-linux-gnu/4.8/../../../x86_64-linux-gnu/crti.o] ==> ignore
    arg [/usr/lib/gcc/x86_64-linux-gnu/4.8/crtbegin.o] ==> ignore
    arg [-L/usr/lib/gcc/x86_64-linux-gnu/4.8] ==> dir [/usr/lib/gcc/x86_64-linux-gnu/4.8]
    arg [-L/usr/lib/gcc/x86_64-linux-gnu/4.8/../../../x86_64-linux-gnu] ==> dir [/usr/lib/gcc/x86_64-linux-gnu/4.8/../../../x86_64-linux-gnu]
    arg [-L/usr/lib/gcc/x86_64-linux-gnu/4.8/../../../../lib] ==> dir [/usr/lib/gcc/x86_64-linux-gnu/4.8/../../../../lib]
    arg [-L/lib/x86_64-linux-gnu] ==> dir [/lib/x86_64-linux-gnu]
    arg [-L/lib/../lib] ==> dir [/lib/../lib]
    arg [-L/usr/lib/x86_64-linux-gnu] ==> dir [/usr/lib/x86_64-linux-gnu]
    arg [-L/usr/lib/../lib] ==> dir [/usr/lib/../lib]
    arg [-L/usr/lib/gcc/x86_64-linux-gnu/4.8/../../..] ==> dir [/usr/lib/gcc/x86_64-linux-gnu/4.8/../../..]
    arg [CMakeFiles/cmTryCompileExec767016108.dir/CMakeCXXCompilerABI.cpp.o] ==> ignore
    arg [-lstdc++] ==> lib [stdc++]
    arg [-lm] ==> lib [m]
    arg [-lgcc_s] ==> lib [gcc_s]
    arg [-lgcc] ==> lib [gcc]
    arg [-lc] ==> lib [c]
    arg [-lgcc_s] ==> lib [gcc_s]
    arg [-lgcc] ==> lib [gcc]
    arg [/usr/lib/gcc/x86_64-linux-gnu/4.8/crtend.o] ==> ignore
    arg [/usr/lib/gcc/x86_64-linux-gnu/4.8/../../../x86_64-linux-gnu/crtn.o] ==> ignore
  remove lib [gcc_s]
  remove lib [gcc]
  remove lib [gcc_s]
  remove lib [gcc]
  collapse library dir [/usr/lib/gcc/x86_64-linux-gnu/4.8] ==> [/usr/lib/gcc/x86_64-linux-gnu/4.8]
  collapse library dir [/usr/lib/gcc/x86_64-linux-gnu/4.8/../../../x86_64-linux-gnu] ==> [/usr/lib/x86_64-linux-gnu]
  collapse library dir [/usr/lib/gcc/x86_64-linux-gnu/4.8/../../../../lib] ==> [/usr/lib]
  collapse library dir [/lib/x86_64-linux-gnu] ==> [/lib/x86_64-linux-gnu]
  collapse library dir [/lib/../lib] ==> [/lib]
  collapse library dir [/usr/lib/x86_64-linux-gnu] ==> [/usr/lib/x86_64-linux-gnu]
  collapse library dir [/usr/lib/../lib] ==> [/usr/lib]
  collapse library dir [/usr/lib/gcc/x86_64-linux-gnu/4.8/../../..] ==> [/usr/lib]
  implicit libs: [stdc++;m;c]
  implicit dirs: [/usr/lib/gcc/x86_64-linux-gnu/4.8;/usr/lib/x86_64-linux-gnu;/usr/lib;/lib/x86_64-linux-gnu;/lib]
  implicit fwks: []




Detecting CXX [-std=c++1y] compiler features compiled with the following output:
Change Dir: /home/mithun/okviz/build/ceres/src/ceres_external-build/CMakeFiles/CMakeTmp

Run Build Command:"/usr/bin/make" "cmTryCompileExec1455631198/fast"
make[3]: Entering directory `/home/mithun/okviz/build/ceres/src/ceres_external-build/CMakeFiles/CMakeTmp'
/usr/bin/make -f CMakeFiles/cmTryCompileExec1455631198.dir/build.make CMakeFiles/cmTryCompileExec1455631198.dir/build
make[4]: Entering directory `/home/mithun/okviz/build/ceres/src/ceres_external-build/CMakeFiles/CMakeTmp'
/usr/bin/cmake -E cmake_progress_report /home/mithun/okviz/build/ceres/src/ceres_external-build/CMakeFiles/CMakeTmp/CMakeFiles 1
Building CXX object CMakeFiles/cmTryCompileExec1455631198.dir/feature_tests.cxx.o
/usr/bin/c++    -march=native -Wall -std=c++11 -fPIC -mssse3    -std=c++1y -o CMakeFiles/cmTryCompileExec1455631198.dir/feature_tests.cxx.o -c /home/mithun/okviz/build/ceres/src/ceres_external-build/CMakeFiles/feature_tests.cxx
Linking CXX executable cmTryCompileExec1455631198
/usr/bin/cmake -E cmake_link_script CMakeFiles/cmTryCompileExec1455631198.dir/link.txt --verbose=1
/usr/bin/c++    -march=native -Wall -std=c++11 -fPIC -mssse3     CMakeFiles/cmTryCompileExec1455631198.dir/feature_tests.cxx.o  -o cmTryCompileExec1455631198 -rdynamic 
make[4]: Leaving directory `/home/mithun/okviz/build/ceres/src/ceres_external-build/CMakeFiles/CMakeTmp'
make[3]: Leaving directory `/home/mithun/okviz/build/ceres/src/ceres_external-build/CMakeFiles/CMakeTmp'


    Feature record: CXX_FEATURE:0cxx_aggregate_default_initializers
    Feature record: CXX_FEATURE:1cxx_alias_templates
    Feature record: CXX_FEATURE:1cxx_alignas
    Feature record: CXX_FEATURE:1cxx_alignof
    Feature record: CXX_FEATURE:1cxx_attributes
    Feature record: CXX_FEATURE:0cxx_attribute_deprecated
    Feature record: CXX_FEATURE:1cxx_auto_type
    Feature record: CXX_FEATURE:0cxx_binary_literals
    Feature record: CXX_FEATURE:1cxx_constexpr
    Feature record: CXX_FEATURE:0cxx_contextual_conversions
    Feature record: CXX_FEATURE:1cxx_decltype
    Feature record: CXX_FEATURE:0cxx_decltype_auto
    Feature record: CXX_FEATURE:1cxx_decltype_incomplete_return_types
    Feature record: CXX_FEATURE:1cxx_default_function_template_args
    Feature record: CXX_FEATURE:1cxx_defaulted_functions
    Feature record: CXX_FEATURE:1cxx_defaulted_move_initializers
    Feature record: CXX_FEATURE:1cxx_delegating_constructors
    Feature record: CXX_FEATURE:1cxx_deleted_functions
    Feature record: CXX_FEATURE:0cxx_digit_separators
    Feature record: CXX_FEATURE:1cxx_enum_forward_declarations
    Feature record: CXX_FEATURE:1cxx_explicit_conversions
    Feature record: CXX_FEATURE:1cxx_extended_friend_declarations
    Feature record: CXX_FEATURE:1cxx_extern_templates
    Feature record: CXX_FEATURE:1cxx_final
    Feature record: CXX_FEATURE:1cxx_func_identifier
    Feature record: CXX_FEATURE:1cxx_generalized_initializers
    Feature record: CXX_FEATURE:0cxx_generic_lambdas
    Feature record: CXX_FEATURE:1cxx_inheriting_constructors
    Feature record: CXX_FEATURE:1cxx_inline_namespaces
    Feature record: CXX_FEATURE:1cxx_lambdas
    Feature record: CXX_FEATURE:0cxx_lambda_init_captures
    Feature record: CXX_FEATURE:1cxx_local_type_template_args
    Feature record: CXX_FEATURE:1cxx_long_long_type
    Feature record: CXX_FEATURE:1cxx_noexcept
    Feature record: CXX_FEATURE:1cxx_nonstatic_member_init
    Feature record: CXX_FEATURE:1cxx_nullptr
    Feature record: CXX_FEATURE:1cxx_override
    Feature record: CXX_FEATURE:1cxx_range_for
    Feature record: CXX_FEATURE:1cxx_raw_string_literals
    Feature record: CXX_FEATURE:1cxx_reference_qualified_functions
    Feature record: CXX_FEATURE:0cxx_relaxed_constexpr
    Feature record: CXX_FEATURE:0cxx_return_type_deduction
    Feature record: CXX_FEATURE:1cxx_right_angle_brackets
    Feature record: CXX_FEATURE:1cxx_rvalue_references
    Feature record: CXX_FEATURE:1cxx_sizeof_member
    Feature record: CXX_FEATURE:1cxx_static_assert
    Feature record: CXX_FEATURE:1cxx_strong_enums
    Feature record: CXX_FEATURE:1cxx_template_template_parameters
    Feature record: CXX_FEATURE:1cxx_thread_local
    Feature record: CXX_FEATURE:1cxx_trailing_return_types
    Feature record: CXX_FEATURE:1cxx_unicode_literals
    Feature record: CXX_FEATURE:1cxx_uniform_initialization
    Feature record: CXX_FEATURE:1cxx_unrestricted_unions
    Feature record: CXX_FEATURE:1cxx_user_literals
    Feature record: CXX_FEATURE:0cxx_variable_templates
    Feature record: CXX_FEATURE:1cxx_variadic_macros
    Feature record: CXX_FEATURE:1cxx_variadic_templates


Detecting CXX [-std=c++11] compiler features compiled with the following output:
Change Dir: /home/mithun/okviz/build/ceres/src/ceres_external-build/CMakeFiles/CMakeTmp

Run Build Command:"/usr/bin/make" "cmTryCompileExec1604449088/fast"
make[3]: Entering directory `/home/mithun/okviz/build/ceres/src/ceres_external-build/CMakeFiles/CMakeTmp'
/usr/bin/make -f CMakeFiles/cmTryCompileExec1604449088.dir/build.make CMakeFiles/cmTryCompileExec1604449088.dir/build
make[4]: Entering directory `/home/mithun/okviz/build/ceres/src/ceres_external-build/CMakeFiles/CMakeTmp'
/usr/bin/cmake -E cmake_progress_report /home/mithun/okviz/build/ceres/src/ceres_external-build/CMakeFiles/CMakeTmp/CMakeFiles 1
Building CXX object CMakeFiles/cmTryCompileExec1604449088.dir/feature_tests.cxx.o
/usr/bin/c++    -march=native -Wall -std=c++11 -fPIC -mssse3    -std=c++11 -o CMakeFiles/cmTryCompileExec1604449088.dir/feature_tests.cxx.o -c /home/mithun/okviz/build/ceres/src/ceres_external-build/CMakeFiles/feature_tests.cxx
Linking CXX executable cmTryCompileExec1604449088
/usr/bin/cmake -E cmake_link_script CMakeFiles/cmTryCompileExec1604449088.dir/link.txt --verbose=1
/usr/bin/c++    -march=native -Wall -std=c++11 -fPIC -mssse3     CMakeFiles/cmTryCompileExec1604449088.dir/feature_tests.cxx.o  -o cmTryCompileExec1604449088 -rdynamic 
make[4]: Leaving directory `/home/mithun/okviz/build/ceres/src/ceres_external-build/CMakeFiles/CMakeTmp'
make[3]: Leaving directory `/home/mithun/okviz/build/ceres/src/ceres_external-build/CMakeFiles/CMakeTmp'


    Feature record: CXX_FEATURE:0cxx_aggregate_default_initializers
    Feature record: CXX_FEATURE:1cxx_alias_templates
    Feature record: CXX_FEATURE:1cxx_alignas
    Feature record: CXX_FEATURE:1cxx_alignof
    Feature record: CXX_FEATURE:1cxx_attributes
    Feature record: CXX_FEATURE:0cxx_attribute_deprecated
    Feature record: CXX_FEATURE:1cxx_auto_type
    Feature record: CXX_FEATURE:0cxx_binary_literals
    Feature record: CXX_FEATURE:1cxx_constexpr
    Feature record: CXX_FEATURE:0cxx_contextual_conversions
    Feature record: CXX_FEATURE:1cxx_decltype
    Feature record: CXX_FEATURE:0cxx_decltype_auto
    Feature record: CXX_FEATURE:1cxx_decltype_incomplete_return_types
    Feature record: CXX_FEATURE:1cxx_default_function_template_args
    Feature record: CXX_FEATURE:1cxx_defaulted_functions
    Feature record: CXX_FEATURE:1cxx_defaulted_move_initializers
    Feature record: CXX_FEATURE:1cxx_delegating_constructors
    Feature record: CXX_FEATURE:1cxx_deleted_functions
    Feature record: CXX_FEATURE:0cxx_digit_separators
    Feature record: CXX_FEATURE:1cxx_enum_forward_declarations
    Feature record: CXX_FEATURE:1cxx_explicit_conversions
    Feature record: CXX_FEATURE:1cxx_extended_friend_declarations
    Feature record: CXX_FEATURE:1cxx_extern_templates
    Feature record: CXX_FEATURE:1cxx_final
    Feature record: CXX_FEATURE:1cxx_func_identifier
    Feature record: CXX_FEATURE:1cxx_generalized_initializers
    Feature record: CXX_FEATURE:0cxx_generic_lambdas
    Feature record: CXX_FEATURE:1cxx_inheriting_constructors
    Feature record: CXX_FEATURE:1cxx_inline_namespaces
    Feature record: CXX_FEATURE:1cxx_lambdas
    Feature record: CXX_FEATURE:0cxx_lambda_init_captures
    Feature record: CXX_FEATURE:1cxx_local_type_template_args
    Feature record: CXX_FEATURE:1cxx_long_long_type
    Feature record: CXX_FEATURE:1cxx_noexcept
    Feature record: CXX_FEATURE:1cxx_nonstatic_member_init
    Feature record: CXX_FEATURE:1cxx_nullptr
    Feature record: CXX_FEATURE:1cxx_override
    Feature record: CXX_FEATURE:1cxx_range_for
    Feature record: CXX_FEATURE:1cxx_raw_string_literals
    Feature record: CXX_FEATURE:1cxx_reference_qualified_functions
    Feature record: CXX_FEATURE:0cxx_relaxed_constexpr
    Feature record: CXX_FEATURE:0cxx_return_type_deduction
    Feature record: CXX_FEATURE:1cxx_right_angle_brackets
    Feature record: CXX_FEATURE:1cxx_rvalue_references
    Feature record: CXX_FEATURE:1cxx_sizeof_member
    Feature record: CXX_FEATURE:1cxx_static_assert
    Feature record: CXX_FEATURE:1cxx_strong_enums
    Feature record: CXX_FEATURE:1cxx_template_template_parameters
    Feature record: CXX_FEATURE:1cxx_thread_local
    Feature record: CXX_FEATURE:1cxx_trailing_return_types
    Feature record: CXX_FEATURE:1cxx_unicode_literals
    Feature record: CXX_FEATURE:1cxx_uniform_initialization
    Feature record: CXX_FEATURE:1cxx_unrestricted_unions
    Feature record: CXX_FEATURE:1cxx_user_literals
    Feature record: CXX_FEATURE:0cxx_variable_templates
    Feature record: CXX_FEATURE:1cxx_variadic_macros
    Feature record: CXX_FEATURE:1cxx_variadic_templates


Detecting CXX [-std=c++98] compiler features compiled with the following output:
Change Dir: /home/mithun/okviz/build/ceres/src/ceres_external-build/CMakeFiles/CMakeTmp

Run Build Command:"/usr/bin/make" "cmTryCompileExec3345808580/fast"
make[3]: Entering directory `/home/mithun/okviz/build/ceres/src/ceres_external-build/CMakeFiles/CMakeTmp'
/usr/bin/make -f CMakeFiles/cmTryCompileExec3345808580.dir/build.make CMakeFiles/cmTryCompileExec3345808580.dir/build
make[4]: Entering directory `/home/mithun/okviz/build/ceres/src/ceres_external-build/CMakeFiles/CMakeTmp'
/usr/bin/cmake -E cmake_progress_report /home/mithun/okviz/build/ceres/src/ceres_external-build/CMakeFiles/CMakeTmp/CMakeFiles 1
Building CXX object CMakeFiles/cmTryCompileExec3345808580.dir/feature_tests.cxx.o
/usr/bin/c++    -march=native -Wall -std=c++11 -fPIC -mssse3    -std=c++98 -o CMakeFiles/cmTryCompileExec3345808580.dir/feature_tests.cxx.o -c /home/mithun/okviz/build/ceres/src/ceres_external-build/CMakeFiles/feature_tests.cxx
Linking CXX executable cmTryCompileExec3345808580
/usr/bin/cmake -E cmake_link_script CMakeFiles/cmTryCompileExec3345808580.dir/link.txt --verbose=1
/usr/bin/c++    -march=native -Wall -std=c++11 -fPIC -mssse3     CMakeFiles/cmTryCompileExec3345808580.dir/feature_tests.cxx.o  -o cmTryCompileExec3345808580 -rdynamic 
make[4]: Leaving directory `/home/mithun/okviz/build/ceres/src/ceres_external-build/CMakeFiles/CMakeTmp'
make[3]: Leaving directory `/home/mithun/okviz/build/ceres/src/ceres_external-build/CMakeFiles/CMakeTmp'


    Feature record: CXX_FEATURE:0cxx_aggregate_default_initializers
    Feature record: CXX_FEATURE:0cxx_alias_templates
    Feature record: CXX_FEATURE:0cxx_alignas
    Feature record: CXX_FEATURE:0cxx_alignof
    Feature record: CXX_FEATURE:0cxx_attributes
    Feature record: CXX_FEATURE:0cxx_attribute_deprecated
    Feature record: CXX_FEATURE:0cxx_auto_type
    Feature record: CXX_FEATURE:0cxx_binary_literals
    Feature record: CXX_FEATURE:0cxx_constexpr
    Feature record: CXX_FEATURE:0cxx_contextual_conversions
    Feature record: CXX_FEATURE:0cxx_decltype
    Feature record: CXX_FEATURE:0cxx_decltype_auto
    Feature record: CXX_FEATURE:0cxx_decltype_incomplete_return_types
    Feature record: CXX_FEATURE:0cxx_default_function_template_args
    Feature record: CXX_FEATURE:0cxx_defaulted_functions
    Feature record: CXX_FEATURE:0cxx_defaulted_move_initializers
    Feature record: CXX_FEATURE:0cxx_delegating_constructors
    Feature record: CXX_FEATURE:0cxx_deleted_functions
    Feature record: CXX_FEATURE:0cxx_digit_separators
    Feature record: CXX_FEATURE:0cxx_enum_forward_declarations
    Feature record: CXX_FEATURE:0cxx_explicit_conversions
    Feature record: CXX_FEATURE:0cxx_extended_friend_declarations
    Feature record: CXX_FEATURE:0cxx_extern_templates
    Feature record: CXX_FEATURE:0cxx_final
    Feature record: CXX_FEATURE:0cxx_func_identifier
    Feature record: CXX_FEATURE:0cxx_generalized_initializers
    Feature record: CXX_FEATURE:0cxx_generic_lambdas
    Feature record: CXX_FEATURE:0cxx_inheriting_constructors
    Feature record: CXX_FEATURE:0cxx_inline_namespaces
    Feature record: CXX_FEATURE:0cxx_lambdas
    Feature record: CXX_FEATURE:0cxx_lambda_init_captures
    Feature record: CXX_FEATURE:0cxx_local_type_template_args
    Feature record: CXX_FEATURE:0cxx_long_long_type
    Feature record: CXX_FEATURE:0cxx_noexcept
    Feature record: CXX_FEATURE:0cxx_nonstatic_member_init
    Feature record: CXX_FEATURE:0cxx_nullptr
    Feature record: CXX_FEATURE:0cxx_override
    Feature record: CXX_FEATURE:0cxx_range_for
    Feature record: CXX_FEATURE:0cxx_raw_string_literals
    Feature record: CXX_FEATURE:0cxx_reference_qualified_functions
    Feature record: CXX_FEATURE:0cxx_relaxed_constexpr
    Feature record: CXX_FEATURE:0cxx_return_type_deduction
    Feature record: CXX_FEATURE:0cxx_right_angle_brackets
    Feature record: CXX_FEATURE:0cxx_rvalue_references
    Feature record: CXX_FEATURE:0cxx_sizeof_member
    Feature record: CXX_FEATURE:0cxx_static_assert
    Feature record: CXX_FEATURE:0cxx_strong_enums
    Feature record: CXX_FEATURE:1cxx_template_template_parameters
    Feature record: CXX_FEATURE:0cxx_thread_local
    Feature record: CXX_FEATURE:0cxx_trailing_return_types
    Feature record: CXX_FEATURE:0cxx_unicode_literals
    Feature record: CXX_FEATURE:0cxx_uniform_initialization
    Feature record: CXX_FEATURE:0cxx_unrestricted_unions
    Feature record: CXX_FEATURE:0cxx_user_literals
    Feature record: CXX_FEATURE:0cxx_variable_templates
    Feature record: CXX_FEATURE:0cxx_variadic_macros
    Feature record: CXX_FEATURE:0cxx_variadic_templates
Determining if the function dgemm_ exists passed with the following output:
Change Dir: /home/mithun/okviz/build/ceres/src/ceres_external-build/CMakeFiles/CMakeTmp

Run Build Command:"/usr/bin/make" "cmTryCompileExec2104249250/fast"
make[3]: Entering directory `/home/mithun/okviz/build/ceres/src/ceres_external-build/CMakeFiles/CMakeTmp'
/usr/bin/make -f CMakeFiles/cmTryCompileExec2104249250.dir/build.make CMakeFiles/cmTryCompileExec2104249250.dir/build
make[4]: Entering directory `/home/mithun/okviz/build/ceres/src/ceres_external-build/CMakeFiles/CMakeTmp'
/usr/bin/cmake -E cmake_progress_report /home/mithun/okviz/build/ceres/src/ceres_external-build/CMakeFiles/CMakeTmp/CMakeFiles 1
Building C object CMakeFiles/cmTryCompileExec2104249250.dir/CheckFunctionExists.c.o
/usr/bin/cc   -DCHECK_FUNCTION_EXISTS=dgemm_   -o CMakeFiles/cmTryCompileExec2104249250.dir/CheckFunctionExists.c.o   -c /usr/share/cmake-3.2/Modules/CheckFunctionExists.c
Linking C executable cmTryCompileExec2104249250
/usr/bin/cmake -E cmake_link_script CMakeFiles/cmTryCompileExec2104249250.dir/link.txt --verbose=1
/usr/bin/cc   -DCHECK_FUNCTION_EXISTS=dgemm_    CMakeFiles/cmTryCompileExec2104249250.dir/CheckFunctionExists.c.o  -o cmTryCompileExec2104249250 -rdynamic -lf77blas -latlas 
make[4]: Leaving directory `/home/mithun/okviz/build/ceres/src/ceres_external-build/CMakeFiles/CMakeTmp'
make[3]: Leaving directory `/home/mithun/okviz/build/ceres/src/ceres_external-build/CMakeFiles/CMakeTmp'


Determining if files pthread.h exist passed with the following output:
Change Dir: /home/mithun/okviz/build/ceres/src/ceres_external-build/CMakeFiles/CMakeTmp

Run Build Command:"/usr/bin/make" "cmTryCompileExec1732844178/fast"
make[3]: Entering directory `/home/mithun/okviz/build/ceres/src/ceres_external-build/CMakeFiles/CMakeTmp'
/usr/bin/make -f CMakeFiles/cmTryCompileExec1732844178.dir/build.make CMakeFiles/cmTryCompileExec1732844178.dir/build
make[4]: Entering directory `/home/mithun/okviz/build/ceres/src/ceres_external-build/CMakeFiles/CMakeTmp'
/usr/bin/cmake -E cmake_progress_report /home/mithun/okviz/build/ceres/src/ceres_external-build/CMakeFiles/CMakeTmp/CMakeFiles 1
Building C object CMakeFiles/cmTryCompileExec1732844178.dir/CheckIncludeFiles.c.o
/usr/bin/cc    -o CMakeFiles/cmTryCompileExec1732844178.dir/CheckIncludeFiles.c.o   -c /home/mithun/okviz/build/ceres/src/ceres_external-build/CMakeFiles/CMakeTmp/CheckIncludeFiles.c
Linking C executable cmTryCompileExec1732844178
/usr/bin/cmake -E cmake_link_script CMakeFiles/cmTryCompileExec1732844178.dir/link.txt --verbose=1
/usr/bin/cc       CMakeFiles/cmTryCompileExec1732844178.dir/CheckIncludeFiles.c.o  -o cmTryCompileExec1732844178 -rdynamic 
make[4]: Leaving directory `/home/mithun/okviz/build/ceres/src/ceres_external-build/CMakeFiles/CMakeTmp'
make[3]: Leaving directory `/home/mithun/okviz/build/ceres/src/ceres_external-build/CMakeFiles/CMakeTmp'


Determining if the function pthread_create exists in the pthread passed with the following output:
Change Dir: /home/mithun/okviz/build/ceres/src/ceres_external-build/CMakeFiles/CMakeTmp

Run Build Command:"/usr/bin/make" "cmTryCompileExec784523752/fast"
make[3]: Entering directory `/home/mithun/okviz/build/ceres/src/ceres_external-build/CMakeFiles/CMakeTmp'
/usr/bin/make -f CMakeFiles/cmTryCompileExec784523752.dir/build.make CMakeFiles/cmTryCompileExec784523752.dir/build
make[4]: Entering directory `/home/mithun/okviz/build/ceres/src/ceres_external-build/CMakeFiles/CMakeTmp'
/usr/bin/cmake -E cmake_progress_report /home/mithun/okviz/build/ceres/src/ceres_external-build/CMakeFiles/CMakeTmp/CMakeFiles 1
Building C object CMakeFiles/cmTryCompileExec784523752.dir/CheckFunctionExists.c.o
/usr/bin/cc   -DCHECK_FUNCTION_EXISTS=pthread_create   -o CMakeFiles/cmTryCompileExec784523752.dir/CheckFunctionExists.c.o   -c /usr/share/cmake-3.2/Modules/CheckFunctionExists.c
Linking C executable cmTryCompileExec784523752
/usr/bin/cmake -E cmake_link_script CMakeFiles/cmTryCompileExec784523752.dir/link.txt --verbose=1
/usr/bin/cc   -DCHECK_FUNCTION_EXISTS=pthread_create    CMakeFiles/cmTryCompileExec784523752.dir/CheckFunctionExists.c.o  -o cmTryCompileExec784523752 -rdynamic -lpthread 
make[4]: Leaving directory `/home/mithun/okviz/build/ceres/src/ceres_external-build/CMakeFiles/CMakeTmp'
make[3]: Leaving directory `/home/mithun/okviz/build/ceres/src/ceres_external-build/CMakeFiles/CMakeTmp'


Determining if the function cheev_ exists passed with the following output:
Change Dir: /home/mithun/okviz/build/ceres/src/ceres_external-build/CMakeFiles/CMakeTmp

Run Build Command:"/usr/bin/make" "cmTryCompileExec26045677/fast"
make[3]: Entering directory `/home/mithun/okviz/build/ceres/src/ceres_external-build/CMakeFiles/CMakeTmp'
/usr/bin/make -f CMakeFiles/cmTryCompileExec26045677.dir/build.make CMakeFiles/cmTryCompileExec26045677.dir/build
make[4]: Entering directory `/home/mithun/okviz/build/ceres/src/ceres_external-build/CMakeFiles/CMakeTmp'
/usr/bin/cmake -E cmake_progress_report /home/mithun/okviz/build/ceres/src/ceres_external-build/CMakeFiles/CMakeTmp/CMakeFiles 1
Building C object CMakeFiles/cmTryCompileExec26045677.dir/CheckFunctionExists.c.o
/usr/bin/cc   -DCHECK_FUNCTION_EXISTS=cheev_   -o CMakeFiles/cmTryCompileExec26045677.dir/CheckFunctionExists.c.o   -c /usr/share/cmake-3.2/Modules/CheckFunctionExists.c
Linking C executable cmTryCompileExec26045677
/usr/bin/cmake -E cmake_link_script CMakeFiles/cmTryCompileExec26045677.dir/link.txt --verbose=1
/usr/bin/cc   -DCHECK_FUNCTION_EXISTS=cheev_    CMakeFiles/cmTryCompileExec26045677.dir/CheckFunctionExists.c.o  -o cmTryCompileExec26045677 -rdynamic -llapack -lf77blas -latlas 
make[4]: Leaving directory `/home/mithun/okviz/build/ceres/src/ceres_external-build/CMakeFiles/CMakeTmp'
make[3]: Leaving directory `/home/mithun/okviz/build/ceres/src/ceres_external-build/CMakeFiles/CMakeTmp'


Performing C SOURCE FILE Test OpenMP_FLAG_DETECTED succeded with the following output:
Change Dir: /home/mithun/okviz/build/ceres/src/ceres_external-build/CMakeFiles/CMakeTmp

Run Build Command:"/usr/bin/make" "cmTryCompileExec1165819021/fast"
make[3]: Entering directory `/home/mithun/okviz/build/ceres/src/ceres_external-build/CMakeFiles/CMakeTmp'
/usr/bin/make -f CMakeFiles/cmTryCompileExec1165819021.dir/build.make CMakeFiles/cmTryCompileExec1165819021.dir/build
make[4]: Entering directory `/home/mithun/okviz/build/ceres/src/ceres_external-build/CMakeFiles/CMakeTmp'
/usr/bin/cmake -E cmake_progress_report /home/mithun/okviz/build/ceres/src/ceres_external-build/CMakeFiles/CMakeTmp/CMakeFiles 1
Building C object CMakeFiles/cmTryCompileExec1165819021.dir/src.c.o
/usr/bin/cc   -DOpenMP_FLAG_DETECTED -fopenmp   -o CMakeFiles/cmTryCompileExec1165819021.dir/src.c.o   -c /home/mithun/okviz/build/ceres/src/ceres_external-build/CMakeFiles/CMakeTmp/src.c
Linking C executable cmTryCompileExec1165819021
/usr/bin/cmake -E cmake_link_script CMakeFiles/cmTryCompileExec1165819021.dir/link.txt --verbose=1
/usr/bin/cc   -DOpenMP_FLAG_DETECTED -fopenmp    CMakeFiles/cmTryCompileExec1165819021.dir/src.c.o  -o cmTryCompileExec1165819021 -rdynamic 
make[4]: Leaving directory `/home/mithun/okviz/build/ceres/src/ceres_external-build/CMakeFiles/CMakeTmp'
make[3]: Leaving directory `/home/mithun/okviz/build/ceres/src/ceres_external-build/CMakeFiles/CMakeTmp'

Source file was:

#include <omp.h>
int main() {
#ifdef _OPENMP
  return 0;
#else
  breaks_on_purpose
#endif
}

Performing C++ SOURCE FILE Test OpenMP_FLAG_DETECTED succeded with the following output:
Change Dir: /home/mithun/okviz/build/ceres/src/ceres_external-build/CMakeFiles/CMakeTmp

Run Build Command:"/usr/bin/make" "cmTryCompileExec3173359328/fast"
make[3]: Entering directory `/home/mithun/okviz/build/ceres/src/ceres_external-build/CMakeFiles/CMakeTmp'
/usr/bin/make -f CMakeFiles/cmTryCompileExec3173359328.dir/build.make CMakeFiles/cmTryCompileExec3173359328.dir/build
make[4]: Entering directory `/home/mithun/okviz/build/ceres/src/ceres_external-build/CMakeFiles/CMakeTmp'
/usr/bin/cmake -E cmake_progress_report /home/mithun/okviz/build/ceres/src/ceres_external-build/CMakeFiles/CMakeTmp/CMakeFiles 1
Building CXX object CMakeFiles/cmTryCompileExec3173359328.dir/src.cxx.o
/usr/bin/c++    -march=native -Wall -std=c++11 -fPIC -mssse3 -DOpenMP_FLAG_DETECTED -fopenmp   -o CMakeFiles/cmTryCompileExec3173359328.dir/src.cxx.o -c /home/mithun/okviz/build/ceres/src/ceres_external-build/CMakeFiles/CMakeTmp/src.cxx
Linking CXX executable cmTryCompileExec3173359328
/usr/bin/cmake -E cmake_link_script CMakeFiles/cmTryCompileExec3173359328.dir/link.txt --verbose=1
/usr/bin/c++    -march=native -Wall -std=c++11 -fPIC -mssse3 -DOpenMP_FLAG_DETECTED -fopenmp    CMakeFiles/cmTryCompileExec3173359328.dir/src.cxx.o  -o cmTryCompileExec3173359328 -rdynamic 
make[4]: Leaving directory `/home/mithun/okviz/build/ceres/src/ceres_external-build/CMakeFiles/CMakeTmp'
make[3]: Leaving directory `/home/mithun/okviz/build/ceres/src/ceres_external-build/CMakeFiles/CMakeTmp'

Source file was:

#include <omp.h>
int main() {
#ifdef _OPENMP
  return 0;
#else
  breaks_on_purpose
#endif
}

Determining if the include file unordered_map exists passed with the following output:
Change Dir: /home/mithun/okviz/build/ceres/src/ceres_external-build/CMakeFiles/CMakeTmp

Run Build Command:"/usr/bin/make" "cmTryCompileExec2750038283/fast"
make[3]: Entering directory `/home/mithun/okviz/build/ceres/src/ceres_external-build/CMakeFiles/CMakeTmp'
/usr/bin/make -f CMakeFiles/cmTryCompileExec2750038283.dir/build.make CMakeFiles/cmTryCompileExec2750038283.dir/build
make[4]: Entering directory `/home/mithun/okviz/build/ceres/src/ceres_external-build/CMakeFiles/CMakeTmp'
/usr/bin/cmake -E cmake_progress_report /home/mithun/okviz/build/ceres/src/ceres_external-build/CMakeFiles/CMakeTmp/CMakeFiles 1
Building CXX object CMakeFiles/cmTryCompileExec2750038283.dir/CheckIncludeFile.cxx.o
/usr/bin/c++    -march=native -Wall -std=c++11 -fPIC -mssse3 -fopenmp    -o CMakeFiles/cmTryCompileExec2750038283.dir/CheckIncludeFile.cxx.o -c /home/mithun/okviz/build/ceres/src/ceres_external-build/CMakeFiles/CMakeTmp/CheckIncludeFile.cxx
Linking CXX executable cmTryCompileExec2750038283
/usr/bin/cmake -E cmake_link_script CMakeFiles/cmTryCompileExec2750038283.dir/link.txt --verbose=1
/usr/bin/c++    -march=native -Wall -std=c++11 -fPIC -mssse3 -fopenmp     CMakeFiles/cmTryCompileExec2750038283.dir/CheckIncludeFile.cxx.o  -o cmTryCompileExec2750038283 -rdynamic 
make[4]: Leaving directory `/home/mithun/okviz/build/ceres/src/ceres_external-build/CMakeFiles/CMakeTmp'
make[3]: Leaving directory `/home/mithun/okviz/build/ceres/src/ceres_external-build/CMakeFiles/CMakeTmp'


Performing C++ SOURCE FILE Test HAVE_UNORDERED_MAP_IN_STD_NAMESPACE succeded with the following output:
Change Dir: /home/mithun/okviz/build/ceres/src/ceres_external-build/CMakeFiles/CMakeTmp

Run Build Command:"/usr/bin/make" "cmTryCompileExec1955764028/fast"
make[3]: Entering directory `/home/mithun/okviz/build/ceres/src/ceres_external-build/CMakeFiles/CMakeTmp'
/usr/bin/make -f CMakeFiles/cmTryCompileExec1955764028.dir/build.make CMakeFiles/cmTryCompileExec1955764028.dir/build
make[4]: Entering directory `/home/mithun/okviz/build/ceres/src/ceres_external-build/CMakeFiles/CMakeTmp'
/usr/bin/cmake -E cmake_progress_report /home/mithun/okviz/build/ceres/src/ceres_external-build/CMakeFiles/CMakeTmp/CMakeFiles 1
Building CXX object CMakeFiles/cmTryCompileExec1955764028.dir/src.cxx.o
/usr/bin/c++    -march=native -Wall -std=c++11 -fPIC -mssse3 -fopenmp -DHAVE_UNORDERED_MAP_IN_STD_NAMESPACE   -o CMakeFiles/cmTryCompileExec1955764028.dir/src.cxx.o -c /home/mithun/okviz/build/ceres/src/ceres_external-build/CMakeFiles/CMakeTmp/src.cxx
Linking CXX executable cmTryCompileExec1955764028
/usr/bin/cmake -E cmake_link_script CMakeFiles/cmTryCompileExec1955764028.dir/link.txt --verbose=1
/usr/bin/c++    -march=native -Wall -std=c++11 -fPIC -mssse3 -fopenmp -DHAVE_UNORDERED_MAP_IN_STD_NAMESPACE    CMakeFiles/cmTryCompileExec1955764028.dir/src.cxx.o  -o cmTryCompileExec1955764028 -rdynamic 
make[4]: Leaving directory `/home/mithun/okviz/build/ceres/src/ceres_external-build/CMakeFiles/CMakeTmp'
make[3]: Leaving directory `/home/mithun/okviz/build/ceres/src/ceres_external-build/CMakeFiles/CMakeTmp'

Source file was:
#include <unordered_map>
                             int main() {
                               std::unordered_map<int, int> map;
                               return 0;
                             }
Determining if the include file memory exists passed with the following output:
Change Dir: /home/mithun/okviz/build/ceres/src/ceres_external-build/CMakeFiles/CMakeTmp

Run Build Command:"/usr/bin/make" "cmTryCompileExec367056580/fast"
make[3]: Entering directory `/home/mithun/okviz/build/ceres/src/ceres_external-build/CMakeFiles/CMakeTmp'
/usr/bin/make -f CMakeFiles/cmTryCompileExec367056580.dir/build.make CMakeFiles/cmTryCompileExec367056580.dir/build
make[4]: Entering directory `/home/mithun/okviz/build/ceres/src/ceres_external-build/CMakeFiles/CMakeTmp'
/usr/bin/cmake -E cmake_progress_report /home/mithun/okviz/build/ceres/src/ceres_external-build/CMakeFiles/CMakeTmp/CMakeFiles 1
Building CXX object CMakeFiles/cmTryCompileExec367056580.dir/CheckIncludeFile.cxx.o
/usr/bin/c++    -march=native -Wall -std=c++11 -fPIC -mssse3 -fopenmp    -o CMakeFiles/cmTryCompileExec367056580.dir/CheckIncludeFile.cxx.o -c /home/mithun/okviz/build/ceres/src/ceres_external-build/CMakeFiles/CMakeTmp/CheckIncludeFile.cxx
Linking CXX executable cmTryCompileExec367056580
/usr/bin/cmake -E cmake_link_script CMakeFiles/cmTryCompileExec367056580.dir/link.txt --verbose=1
/usr/bin/c++    -march=native -Wall -std=c++11 -fPIC -mssse3 -fopenmp     CMakeFiles/cmTryCompileExec367056580.dir/CheckIncludeFile.cxx.o  -o cmTryCompileExec367056580 -rdynamic 
make[4]: Leaving directory `/home/mithun/okviz/build/ceres/src/ceres_external-build/CMakeFiles/CMakeTmp'
make[3]: Leaving directory `/home/mithun/okviz/build/ceres/src/ceres_external-build/CMakeFiles/CMakeTmp'


Performing C++ SOURCE FILE Test HAVE_SHARED_PTR_IN_STD_NAMESPACE succeded with the following output:
Change Dir: /home/mithun/okviz/build/ceres/src/ceres_external-build/CMakeFiles/CMakeTmp

Run Build Command:"/usr/bin/make" "cmTryCompileExec1286838457/fast"
make[3]: Entering directory `/home/mithun/okviz/build/ceres/src/ceres_external-build/CMakeFiles/CMakeTmp'
/usr/bin/make -f CMakeFiles/cmTryCompileExec1286838457.dir/build.make CMakeFiles/cmTryCompileExec1286838457.dir/build
make[4]: Entering directory `/home/mithun/okviz/build/ceres/src/ceres_external-build/CMakeFiles/CMakeTmp'
/usr/bin/cmake -E cmake_progress_report /home/mithun/okviz/build/ceres/src/ceres_external-build/CMakeFiles/CMakeTmp/CMakeFiles 1
Building CXX object CMakeFiles/cmTryCompileExec1286838457.dir/src.cxx.o
/usr/bin/c++    -march=native -Wall -std=c++11 -fPIC -mssse3 -fopenmp -DHAVE_SHARED_PTR_IN_STD_NAMESPACE   -o CMakeFiles/cmTryCompileExec1286838457.dir/src.cxx.o -c /home/mithun/okviz/build/ceres/src/ceres_external-build/CMakeFiles/CMakeTmp/src.cxx
Linking CXX executable cmTryCompileExec1286838457
/usr/bin/cmake -E cmake_link_script CMakeFiles/cmTryCompileExec1286838457.dir/link.txt --verbose=1
/usr/bin/c++    -march=native -Wall -std=c++11 -fPIC -mssse3 -fopenmp -DHAVE_SHARED_PTR_IN_STD_NAMESPACE    CMakeFiles/cmTryCompileExec1286838457.dir/src.cxx.o  -o cmTryCompileExec1286838457 -rdynamic 
make[4]: Leaving directory `/home/mithun/okviz/build/ceres/src/ceres_external-build/CMakeFiles/CMakeTmp'
make[3]: Leaving directory `/home/mithun/okviz/build/ceres/src/ceres_external-build/CMakeFiles/CMakeTmp'

Source file was:
#include <memory>
                               int main() {
                                 std::shared_ptr<int> int_ptr;
                                 return 0;
                               }
