Determining if the pthread_create exist failed with the following output:
Change Dir: /home/mithun/okviz/build/CMakeFiles/CMakeTmp

Run Build Command:"/usr/bin/make" "cmTryCompileExec3575223492/fast"
/usr/bin/make -f CMakeFiles/cmTryCompileExec3575223492.dir/build.make CMakeFiles/cmTryCompileExec3575223492.dir/build
make[1]: Entering directory `/home/mithun/okviz/build/CMakeFiles/CMakeTmp'
/usr/bin/cmake -E cmake_progress_report /home/mithun/okviz/build/CMakeFiles/CMakeTmp/CMakeFiles 1
Building C object CMakeFiles/cmTryCompileExec3575223492.dir/CheckSymbolExists.c.o
/usr/bin/cc    -o CMakeFiles/cmTryCompileExec3575223492.dir/CheckSymbolExists.c.o   -c /home/mithun/okviz/build/CMakeFiles/CMakeTmp/CheckSymbolExists.c
Linking C executable cmTryCompileExec3575223492
/usr/bin/cmake -E cmake_link_script CMakeFiles/cmTryCompileExec3575223492.dir/link.txt --verbose=1
/usr/bin/cc       CMakeFiles/cmTryCompileExec3575223492.dir/CheckSymbolExists.c.o  -o cmTryCompileExec3575223492 -rdynamic 
CMakeFiles/cmTryCompileExec3575223492.dir/CheckSymbolExists.c.o: In function `main':
CheckSymbolExists.c:(.text+0x16): undefined reference to `pthread_create'
collect2: error: ld returned 1 exit status
make[1]: *** [cmTryCompileExec3575223492] Error 1
make[1]: Leaving directory `/home/mithun/okviz/build/CMakeFiles/CMakeTmp'
make: *** [cmTryCompileExec3575223492/fast] Error 2

File /home/mithun/okviz/build/CMakeFiles/CMakeTmp/CheckSymbolExists.c:
/* */
#include <pthread.h>

int main(int argc, char** argv)
{
  (void)argv;
#ifndef pthread_create
  return ((int*)(&pthread_create))[argc];
#else
  (void)argc;
  return 0;
#endif
}

Determining if the function pthread_create exists in the pthreads failed with the following output:
Change Dir: /home/mithun/okviz/build/CMakeFiles/CMakeTmp

Run Build Command:"/usr/bin/make" "cmTryCompileExec1506955451/fast"
/usr/bin/make -f CMakeFiles/cmTryCompileExec1506955451.dir/build.make CMakeFiles/cmTryCompileExec1506955451.dir/build
make[1]: Entering directory `/home/mithun/okviz/build/CMakeFiles/CMakeTmp'
/usr/bin/cmake -E cmake_progress_report /home/mithun/okviz/build/CMakeFiles/CMakeTmp/CMakeFiles 1
Building C object CMakeFiles/cmTryCompileExec1506955451.dir/CheckFunctionExists.c.o
/usr/bin/cc   -DCHECK_FUNCTION_EXISTS=pthread_create   -o CMakeFiles/cmTryCompileExec1506955451.dir/CheckFunctionExists.c.o   -c /usr/share/cmake-3.2/Modules/CheckFunctionExists.c
Linking C executable cmTryCompileExec1506955451
/usr/bin/cmake -E cmake_link_script CMakeFiles/cmTryCompileExec1506955451.dir/link.txt --verbose=1
/usr/bin/cc   -DCHECK_FUNCTION_EXISTS=pthread_create    CMakeFiles/cmTryCompileExec1506955451.dir/CheckFunctionExists.c.o  -o cmTryCompileExec1506955451 -rdynamic -lpthreads 
/usr/bin/ld: cannot find -lpthreads
collect2: error: ld returned 1 exit status
make[1]: *** [cmTryCompileExec1506955451] Error 1
make[1]: Leaving directory `/home/mithun/okviz/build/CMakeFiles/CMakeTmp'
make: *** [cmTryCompileExec1506955451/fast] Error 2


